[0m15:00:39.997316 [debug] [MainThread]: Sending event: {'category': 'dbt', 'action': 'invocation', 'label': 'start', 'context': [<snowplow_tracker.self_describing_json.SelfDescribingJson object at 0x000002A198510EC0>, <snowplow_tracker.self_describing_json.SelfDescribingJson object at 0x000002A194B61450>, <snowplow_tracker.self_describing_json.SelfDescribingJson object at 0x000002A19A433C50>]}


============================== 15:00:40.010381 | 1f4b0f13-0967-4a9a-90a3-4ca945eba001 ==============================
[0m15:00:40.010381 [info ] [MainThread]: Running with dbt=1.12.0-b1
[0m15:00:40.012192 [debug] [MainThread]: running dbt with arguments {'version_check': 'True', 'no_print': 'None', 'static_parser': 'True', 'warn_error_options': 'WarnErrorOptionsV2(error=[], warn=[], silence=[])', 'target_path': 'None', 'printer_width': '80', 'write_json': 'True', 'introspect': 'True', 'log_cache_events': 'False', 'empty': 'None', 'cache_selected_only': 'False', 'log_format': 'default', 'debug': 'False', 'fail_fast': 'False', 'profiles_dir': 'C:\\Users\\eduar\\.dbt', 'send_anonymous_usage_stats': 'True', 'quiet': 'False', 'warn_error': 'None', 'partial_parse': 'True', 'indirect_selection': 'eager', 'invocation_command': 'dbt init dbt_project', 'use_colors': 'True', 'use_experimental_parser': 'False', 'log_path': 'logs'}
[0m15:00:40.049025 [info ] [MainThread]: Creating dbt configuration folder at C:\Users\eduar\.dbt
[0m15:00:40.055366 [debug] [MainThread]: Starter project path: C:\Code\SQL\coopllactia\.venv\Lib\site-packages\dbt\include\starter_project
[0m15:00:40.093572 [info ] [MainThread]: Setting up your profile.
[0m15:02:52.963270 [info ] [MainThread]: Profile dbt_project written to C:\Users\eduar\.dbt\profiles.yml using target's profile_template.yml and your supplied values.
[0m15:02:52.968101 [info ] [MainThread]: Running dbt debug to validate the project...
[0m15:02:52.969522 [info ] [MainThread]: dbt version: 1.12.0-b1
[0m15:02:52.970329 [info ] [MainThread]: python version: 3.13.13
[0m15:02:52.971016 [info ] [MainThread]: python path: C:\Code\SQL\coopllactia\.venv\Scripts\python.exe
[0m15:02:52.972206 [info ] [MainThread]: os info: Windows-11-10.0.26200-SP0
[0m15:02:53.024700 [info ] [MainThread]: Using profiles dir at C:\Users\eduar\.dbt
[0m15:02:53.025720 [info ] [MainThread]: Using profiles.yml file at C:\Users\eduar\.dbt\profiles.yml
[0m15:02:53.026833 [info ] [MainThread]: Using dbt_project.yml file at C:\Code\SQL\coopllactia\dbt_project\dbt_project.yml
[0m15:02:53.028636 [info ] [MainThread]: adapter type: postgres
[0m15:02:53.029586 [info ] [MainThread]: adapter version: 1.10.0
[0m15:02:53.166227 [info ] [MainThread]: Configuration:
[0m15:02:53.166933 [info ] [MainThread]:   profiles.yml file [[32mOK found and valid[0m]
[0m15:02:53.167391 [info ] [MainThread]:   dbt_project.yml file [[32mOK found and valid[0m]
[0m15:02:53.168112 [info ] [MainThread]: Required dependencies:
[0m15:02:53.168648 [debug] [MainThread]: Executing "git --help"
[0m15:02:53.233788 [debug] [MainThread]: STDOUT: "b"usage: git [-v | --version] [-h | --help] [-C <path>] [-c <name>=<value>]\n           [--exec-path[=<path>]] [--html-path] [--man-path] [--info-path]\n           [-p | --paginate | -P | --no-pager] [--no-replace-objects] [--no-lazy-fetch]\n           [--no-optional-locks] [--no-advice] [--bare] [--git-dir=<path>]\n           [--work-tree=<path>] [--namespace=<name>] [--config-env=<name>=<envvar>]\n           <command> [<args>]\n\nThese are common Git commands used in various situations:\n\nstart a working area (see also: git help tutorial)\n   clone      Clone a repository into a new directory\n   init       Create an empty Git repository or reinitialize an existing one\n\nwork on the current change (see also: git help everyday)\n   add        Add file contents to the index\n   mv         Move or rename a file, a directory, or a symlink\n   restore    Restore working tree files\n   rm         Remove files from the working tree and from the index\n\nexamine the history and state (see also: git help revisions)\n   bisect     Use binary search to find the commit that introduced a bug\n   diff       Show changes between commits, commit and working tree, etc\n   grep       Print lines matching a pattern\n   log        Show commit logs\n   show       Show various types of objects\n   status     Show the working tree status\n\ngrow, mark and tweak your common history\n   backfill   Download missing objects in a partial clone\n   branch     List, create, or delete branches\n   commit     Record changes to the repository\n   merge      Join two or more development histories together\n   rebase     Reapply commits on top of another base tip\n   reset      Set `HEAD` or the index to a known state\n   switch     Switch branches\n   tag        Create, list, delete or verify tags\n\ncollaborate (see also: git help workflows)\n   fetch      Download objects and refs from another repository\n   pull       Fetch from and integrate with another repository or a local branch\n   push       Update remote refs along with associated objects\n\n'git help -a' and 'git help -g' list available subcommands and some\nconcept guides. See 'git help <command>' or 'git help <concept>'\nto read about a specific subcommand or concept.\nSee 'git help git' for an overview of the system.\n""
[0m15:02:53.234848 [debug] [MainThread]: STDERR: "b''"
[0m15:02:53.235760 [info ] [MainThread]:  - git [[32mOK found[0m]

[0m15:02:53.236699 [info ] [MainThread]: Connection:
[0m15:02:53.237576 [info ] [MainThread]:   host: localhost
[0m15:02:53.238167 [info ] [MainThread]:   port: 5432
[0m15:02:53.238703 [info ] [MainThread]:   user: coopllactia
[0m15:02:53.239173 [info ] [MainThread]:   database: coopllactia
[0m15:02:53.239616 [info ] [MainThread]:   schema: public
[0m15:02:53.240089 [info ] [MainThread]:   connect_timeout: 10
[0m15:02:53.240729 [info ] [MainThread]:   role: None
[0m15:02:53.241274 [info ] [MainThread]:   search_path: None
[0m15:02:53.241813 [info ] [MainThread]:   keepalives_idle: 0
[0m15:02:53.242472 [info ] [MainThread]:   sslmode: None
[0m15:02:53.243002 [info ] [MainThread]:   sslcert: None
[0m15:02:53.243428 [info ] [MainThread]:   sslkey: None
[0m15:02:53.243831 [info ] [MainThread]:   sslrootcert: None
[0m15:02:53.244545 [info ] [MainThread]:   application_name: dbt
[0m15:02:53.245068 [info ] [MainThread]:   retries: 1
[0m15:02:53.245861 [info ] [MainThread]: Registered adapter: postgres=1.10.0
[0m15:02:53.572782 [debug] [MainThread]: Acquiring new postgres connection 'debug'
[0m15:02:53.684644 [debug] [MainThread]: Using postgres connection "debug"
[0m15:02:53.685119 [debug] [MainThread]: On debug: select 1 as id
[0m15:02:53.685644 [debug] [MainThread]: Opening a new connection, currently in state init
[0m15:02:53.772300 [debug] [MainThread]: SQL status: SELECT 1 in 0.087 seconds
[0m15:02:53.773598 [debug] [MainThread]: On debug: Close
[0m15:02:53.774220 [info ] [MainThread]:   Connection test: [[32mOK connection ok[0m]

[0m15:02:53.775553 [info ] [MainThread]: [32mAll checks passed![0m
[0m15:02:53.776460 [info ] [MainThread]: Your new dbt project "dbt_project" was created!
Initialized new project in C:\Code\SQL\coopllactia\dbt_project\dbt_project

For more information on how to configure the profiles.yml file,
please consult the dbt documentation here:

  https://docs.getdbt.com/docs/configure-your-profile

One more thing:

Need help? Don't hesitate to reach out to us via GitHub issues or on Slack:

  https://community.getdbt.com/

Happy modeling!

[0m15:02:53.778748 [debug] [MainThread]: Command `dbt init` succeeded at 15:02:53.778531 after 134.04 seconds
[0m15:02:53.779233 [debug] [MainThread]: Connection 'debug' was properly closed.
[0m15:02:53.780143 [debug] [MainThread]: Sending event: {'category': 'dbt', 'action': 'invocation', 'label': 'end', 'context': [<snowplow_tracker.self_describing_json.SelfDescribingJson object at 0x000002A19A2AA3F0>, <snowplow_tracker.self_describing_json.SelfDescribingJson object at 0x000002A19A2EAF90>, <snowplow_tracker.self_describing_json.SelfDescribingJson object at 0x000002A19A617460>]}
[0m15:02:53.780802 [debug] [MainThread]: Flushing usage events
[0m15:02:54.780270 [debug] [MainThread]: An error was encountered while trying to flush usage events
{"data":{"log_version":3,"version":"=2.0.0-preview.175"},"info":{"category":"","code":"A001","extra":{},"invocation_id":"019e2852-88b7-7423-8e16-58496719a70b","level":"info","msg":"Running with dbt-fusion=2.0.0-preview.175","name":"MainReportVersion","pid":7348,"thread":"tokio-rt-worker","ts":"2026-05-14T21:09:18.181872Z"}}
{"data":{"args":{"debug":"false","invocation_command":"C:\\Users\\eduar\\.local\\bin\\dbt.exe license info --json --log-format json","log_format":"json","quiet":"false","write_json":"true"}},"info":{"category":"","code":"A002","extra":{},"invocation_id":"019e2852-88b7-7423-8e16-58496719a70b","level":"debug","msg":"running dbt-fusion with arguments {\"command\":\"license\",\"vars\":\"{}\",\"limit\":\"10\",\"debug\":false,\"log_format\":\"json\",\"quiet\":false,\"write_json\":true,\"write_catalog\":false}","name":"MainReportArgs","pid":7348,"thread":"tokio-rt-worker","ts":"2026-05-14T21:09:18.182093Z"}}
{"data":{},"info":{"category":"","code":"","extra":{},"invocation_id":"019e2852-88b7-7423-8e16-58496719a70b","level":"debug","msg":"No active cloud project configured, skipping remote license","name":"Generic","pid":7348,"thread":"tokio-rt-worker","ts":"2026-05-14T21:09:18.193601Z"}}
{"data":{"columns":[],"is_inline":true,"node_name":"license_info","output_format":"json","preview":"{\n  \"status\": \"not_found\",\n  \"licensing_enabled\": true\n}","unique_id":"license.info"},"info":{"category":"","code":"Q041","extra":{},"invocation_id":"019e2852-88b7-7423-8e16-58496719a70b","level":"info","msg":"{\n  \"status\": \"not_found\",\n  \"licensing_enabled\": true\n}","name":"ShowNode","pid":7348,"thread":"tokio-rt-worker","ts":"2026-05-14T21:09:18.196158Z"}}
{"data":{"completed_at":"2026-05-14T21:09:19.382931Z","elapsed":1.2045817375183105,"success":true},"info":{"category":"","code":"Q039","extra":{},"invocation_id":"019e2852-88b7-7423-8e16-58496719a70b","level":"info","msg":"\n==================== Execution Summary =====================\nFinished 'license' successfully [1.2s]","name":"CommandCompleted","pid":7348,"thread":"tokio-rt-worker","ts":"2026-05-14T21:09:19.387992Z"}}
{"data":{"log_version":3,"version":"=2.0.0-preview.175"},"info":{"category":"","code":"A001","extra":{},"invocation_id":"019e28ce-cc00-7b33-954a-8eaf3dc43d68","level":"info","msg":"Running with dbt-fusion=2.0.0-preview.175","name":"MainReportVersion","pid":20448,"thread":"tokio-rt-worker","ts":"2026-05-14T23:25:01.851761Z"}}
{"data":{"args":{"debug":"false","invocation_command":"C:\\Users\\eduar\\.local\\bin\\dbt.exe license info --json --log-format json","log_format":"json","quiet":"false","write_json":"true"}},"info":{"category":"","code":"A002","extra":{},"invocation_id":"019e28ce-cc00-7b33-954a-8eaf3dc43d68","level":"debug","msg":"running dbt-fusion with arguments {\"command\":\"license\",\"vars\":\"{}\",\"limit\":\"10\",\"debug\":false,\"log_format\":\"json\",\"quiet\":false,\"write_json\":true,\"write_catalog\":false}","name":"MainReportArgs","pid":20448,"thread":"tokio-rt-worker","ts":"2026-05-14T23:25:01.851807Z"}}
{"data":{},"info":{"category":"","code":"","extra":{},"invocation_id":"019e28ce-cc00-7b33-954a-8eaf3dc43d68","level":"debug","msg":"No active cloud project configured, skipping remote license","name":"Generic","pid":20448,"thread":"tokio-rt-worker","ts":"2026-05-14T23:25:01.864705Z"}}
{"data":{"columns":[],"is_inline":true,"node_name":"license_info","output_format":"json","preview":"{\n  \"status\": \"not_found\",\n  \"licensing_enabled\": true\n}","unique_id":"license.info"},"info":{"category":"","code":"Q041","extra":{},"invocation_id":"019e28ce-cc00-7b33-954a-8eaf3dc43d68","level":"info","msg":"{\n  \"status\": \"not_found\",\n  \"licensing_enabled\": true\n}","name":"ShowNode","pid":20448,"thread":"tokio-rt-worker","ts":"2026-05-14T23:25:01.866690Z"}}
{"data":{"completed_at":"2026-05-14T23:25:02.636955Z","elapsed":0.7880858182907104,"success":true},"info":{"category":"","code":"Q039","extra":{},"invocation_id":"019e28ce-cc00-7b33-954a-8eaf3dc43d68","level":"info","msg":"\n==================== Execution Summary =====================\nFinished 'license' successfully [788ms]","name":"CommandCompleted","pid":20448,"thread":"tokio-rt-worker","ts":"2026-05-14T23:25:02.640434Z"}}
